C:\Program Files (x86)\Microsoft Visual Studio\2019\Community\MSBuild\Microsoft\VC\v160\Microsoft.CppBuild.targets(513,5): warning MSB8028: The intermediate directory (x64\Debug\) contains files shared from another project (Main.vcxproj).  This can lead to incorrect clean and rebuild behavior.
  CANIMAL.cpp
F:\HK1 nam 2\OOP\CrossTheStreet\Main\CANIMAL.cpp(59,32): warning C4267: 'initializing': conversion from 'size_t' to 'short', possible loss of data
F:\HK1 nam 2\OOP\CrossTheStreet\Main\CANIMAL.cpp(60,34): warning C4267: 'initializing': conversion from 'size_t' to 'short', possible loss of data
  CCAR.cpp
F:\HK1 nam 2\OOP\CrossTheStreet\Main\CCAR.cpp(28,24): warning C4267: 'return': conversion from 'size_t' to 'short', possible loss of data
F:\HK1 nam 2\OOP\CrossTheStreet\Main\CCAR.cpp(32,27): warning C4267: 'return': conversion from 'size_t' to 'short', possible loss of data
  CDRAW.cpp
F:\HK1 nam 2\OOP\CrossTheStreet\Main\CDRAW.cpp(126,54): warning C4267: 'initializing': conversion from 'size_t' to 'int', possible loss of data
  CGAME.cpp
F:\HK1 nam 2\OOP\CrossTheStreet\Main\CPEOPLE.h(43,32): warning C4267: 'return': conversion from 'size_t' to 'short', possible loss of data
F:\HK1 nam 2\OOP\CrossTheStreet\Main\CPEOPLE.h(44,31): warning C4267: 'return': conversion from 'size_t' to 'short', possible loss of data
F:\HK1 nam 2\OOP\CrossTheStreet\Main\CGAME.cpp(5,12): warning C4244: 'argument': conversion from 'time_t' to 'unsigned int', possible loss of data
  CHORSE.cpp
F:\HK1 nam 2\OOP\CrossTheStreet\Main\CHORSE.cpp(25,27): warning C4267: 'return': conversion from 'size_t' to 'int', possible loss of data
F:\HK1 nam 2\OOP\CrossTheStreet\Main\CHORSE.cpp(29,30): warning C4267: 'return': conversion from 'size_t' to 'int', possible loss of data
  CMENU.cpp
F:\HK1 nam 2\OOP\CrossTheStreet\Main\CMENU.cpp(64,94): warning C4267: 'argument': conversion from 'size_t' to 'int', possible loss of data
F:\HK1 nam 2\OOP\CrossTheStreet\Main\CMENU.cpp(115,107): warning C4267: 'argument': conversion from 'size_t' to 'SHORT', possible loss of data
F:\HK1 nam 2\OOP\CrossTheStreet\Main\CMENU.cpp(129,29): warning C4267: 'initializing': conversion from 'size_t' to 'int', possible loss of data
  CONSOLE.cpp
F:\HK1 nam 2\OOP\CrossTheStreet\Main\CONSOLE.cpp(59,21): warning C4838: conversion from 'int' to 'SHORT' requires a narrowing conversion
F:\HK1 nam 2\OOP\CrossTheStreet\Main\CONSOLE.cpp(59,24): warning C4838: conversion from 'int' to 'SHORT' requires a narrowing conversion
  CPEOPLE.cpp
F:\HK1 nam 2\OOP\CrossTheStreet\Main\CPEOPLE.h(43,32): warning C4267: 'return': conversion from 'size_t' to 'short', possible loss of data
F:\HK1 nam 2\OOP\CrossTheStreet\Main\CPEOPLE.h(44,31): warning C4267: 'return': conversion from 'size_t' to 'short', possible loss of data
  CRABBIT.cpp
F:\HK1 nam 2\OOP\CrossTheStreet\Main\CRABBIT.cpp(28,28): warning C4267: 'return': conversion from 'size_t' to 'int', possible loss of data
F:\HK1 nam 2\OOP\CrossTheStreet\Main\CRABBIT.cpp(33,31): warning C4267: 'return': conversion from 'size_t' to 'int', possible loss of data
  CTRUCK.cpp
F:\HK1 nam 2\OOP\CrossTheStreet\Main\CTRUCK.cpp(24,29): warning C4267: 'return': conversion from 'size_t' to 'short', possible loss of data
F:\HK1 nam 2\OOP\CrossTheStreet\Main\CTRUCK.cpp(28,26): warning C4267: 'return': conversion from 'size_t' to 'short', possible loss of data
  CVEHICLE.cpp
F:\HK1 nam 2\OOP\CrossTheStreet\Main\CVEHICLE.cpp(39,35): warning C4267: 'initializing': conversion from 'size_t' to 'short', possible loss of data
F:\HK1 nam 2\OOP\CrossTheStreet\Main\CVEHICLE.cpp(40,37): warning C4267: 'initializing': conversion from 'size_t' to 'short', possible loss of data
  Main.cpp
F:\HK1 nam 2\OOP\CrossTheStreet\Main\CPEOPLE.h(43,32): warning C4267: 'return': conversion from 'size_t' to 'short', possible loss of data
F:\HK1 nam 2\OOP\CrossTheStreet\Main\CPEOPLE.h(44,31): warning C4267: 'return': conversion from 'size_t' to 'short', possible loss of data
  Generating Code...
  Main.vcxproj -> F:\HK1 nam 2\OOP\CrossTheStreet\x64\Debug\CrossTheStreet.exe
